  actividad3.cpp
actividad3.obj : error LNK2019: símbolo externo "__declspec(dllimport) public: __cdecl sf::String::String(char const *,class std::locale const &)" (__imp_??0String@sf@@QEAA@PEBDAEBVlocale@std@@@Z) sin resolver al que se hace referencia en la función main
actividad3.obj : error LNK2019: símbolo externo "__declspec(dllimport) public: __cdecl sf::String::~String(void)" (__imp_??1String@sf@@QEAA@XZ) sin resolver al que se hace referencia en la función main
actividad3.obj : error LNK2019: símbolo externo "__declspec(dllimport) public: static class sf::Vector2<int> __cdecl sf::Mouse::getPosition(class sf::Window const &)" (__imp_?getPosition@Mouse@sf@@SA?AV?$Vector2@H@2@AEBVWindow@2@@Z) sin resolver al que se hace referencia en la función main
actividad3.obj : error LNK2019: símbolo externo "__declspec(dllimport) public: __cdecl sf::VideoMode::VideoMode(unsigned int,unsigned int,unsigned int)" (__imp_??0VideoMode@sf@@QEAA@III@Z) sin resolver al que se hace referencia en la función main
actividad3.obj : error LNK2019: símbolo externo "__declspec(dllimport) public: void __cdecl sf::Window::close(void)" (__imp_?close@Window@sf@@QEAAXXZ) sin resolver al que se hace referencia en la función main
actividad3.obj : error LNK2019: símbolo externo "__declspec(dllimport) public: bool __cdecl sf::Window::isOpen(void)const " (__imp_?isOpen@Window@sf@@QEBA_NXZ) sin resolver al que se hace referencia en la función main
actividad3.obj : error LNK2019: símbolo externo "__declspec(dllimport) public: bool __cdecl sf::Window::pollEvent(class sf::Event &)" (__imp_?pollEvent@Window@sf@@QEAA_NAEAVEvent@2@@Z) sin resolver al que se hace referencia en la función main
actividad3.obj : error LNK2019: símbolo externo "__declspec(dllimport) public: void __cdecl sf::Window::display(void)" (__imp_?display@Window@sf@@QEAAXXZ) sin resolver al que se hace referencia en la función main
actividad3.obj : error LNK2019: símbolo externo "__declspec(dllimport) public: void __cdecl sf::Transformable::setPosition(class sf::Vector2<float> const &)" (__imp_?setPosition@Transformable@sf@@QEAAXAEBV?$Vector2@M@2@@Z) sin resolver al que se hace referencia en la función main
actividad3.obj : error LNK2019: símbolo externo "__declspec(dllimport) public: __cdecl sf::Color::Color(unsigned char,unsigned char,unsigned char,unsigned char)" (__imp_??0Color@sf@@QEAA@EEEE@Z) sin resolver al que se hace referencia en la función main
actividad3.obj : error LNK2019: símbolo externo "__declspec(dllimport) public: __cdecl sf::Texture::Texture(void)" (__imp_??0Texture@sf@@QEAA@XZ) sin resolver al que se hace referencia en la función main
actividad3.obj : error LNK2019: símbolo externo "__declspec(dllimport) public: __cdecl sf::Texture::~Texture(void)" (__imp_??1Texture@sf@@QEAA@XZ) sin resolver al que se hace referencia en la función main
actividad3.obj : error LNK2019: símbolo externo "__declspec(dllimport) public: bool __cdecl sf::Texture::loadFromFile(class std::basic_string<char,struct std::char_traits<char>,class std::allocator<char> > const &,class sf::Rect<int> const &)" (__imp_?loadFromFile@Texture@sf@@QEAA_NAEBV?$basic_string@DU?$char_traits@D@std@@V?$allocator@D@2@@std@@AEBV?$Rect@H@2@@Z) sin resolver al que se hace referencia en la función main
actividad3.obj : error LNK2019: símbolo externo "__declspec(dllimport) public: void __cdecl sf::RenderTarget::clear(class sf::Color const &)" (__imp_?clear@RenderTarget@sf@@QEAAXAEBVColor@2@@Z) sin resolver al que se hace referencia en la función main
actividad3.obj : error LNK2019: símbolo externo "__declspec(dllimport) public: class sf::Vector2<float> __cdecl sf::RenderTarget::mapPixelToCoords(class sf::Vector2<int> const &)const " (__imp_?mapPixelToCoords@RenderTarget@sf@@QEBA?AV?$Vector2@M@2@AEBV?$Vector2@H@2@@Z) sin resolver al que se hace referencia en la función main
actividad3.obj : error LNK2019: símbolo externo "__declspec(dllimport) public: void __cdecl sf::RenderTarget::draw(class sf::Drawable const &,class sf::RenderStates const &)" (__imp_?draw@RenderTarget@sf@@QEAAXAEBVDrawable@2@AEBVRenderStates@2@@Z) sin resolver al que se hace referencia en la función main
actividad3.obj : error LNK2019: símbolo externo "__declspec(dllimport) public: __cdecl sf::RenderWindow::RenderWindow(class sf::VideoMode,class sf::String const &,unsigned int,struct sf::ContextSettings const &)" (__imp_??0RenderWindow@sf@@QEAA@VVideoMode@1@AEBVString@1@IAEBUContextSettings@1@@Z) sin resolver al que se hace referencia en la función main
actividad3.obj : error LNK2019: símbolo externo "__declspec(dllimport) public: virtual __cdecl sf::RenderWindow::~RenderWindow(void)" (__imp_??1RenderWindow@sf@@UEAA@XZ) sin resolver al que se hace referencia en la función main
actividad3.obj : error LNK2019: símbolo externo "__declspec(dllimport) public: __cdecl sf::Sprite::Sprite(void)" (__imp_??0Sprite@sf@@QEAA@XZ) sin resolver al que se hace referencia en la función main
actividad3.obj : error LNK2019: símbolo externo "__declspec(dllimport) public: void __cdecl sf::Sprite::setTexture(class sf::Texture const &,bool)" (__imp_?setTexture@Sprite@sf@@QEAAXAEBVTexture@2@_N@Z) sin resolver al que se hace referencia en la función main
actividad3.obj : error LNK2019: símbolo externo "__declspec(dllimport) public: virtual __cdecl sf::Sprite::~Sprite(void)" (__imp_??1Sprite@sf@@UEAA@XZ) sin resolver al que se hace referencia en la función "public: virtual void * __cdecl sf::Sprite::`scalar deleting destructor'(unsigned int)" (??_GSprite@sf@@UEAAPEAXI@Z)
actividad3.obj : error LNK2019: símbolo externo "__declspec(dllimport) public: __cdecl sf::Sprite::Sprite(class sf::Sprite const &)" (__imp_??0Sprite@sf@@QEAA@AEBV01@@Z) sin resolver al que se hace referencia en la función "void __cdecl std::_Construct_in_place<class sf::Sprite,class sf::Sprite const &>(class sf::Sprite &,class sf::Sprite const &)" (??$_Construct_in_place@VSprite@sf@@AEBV12@@std@@YAXAEAVSprite@sf@@AEBV12@@Z)
actividad3.obj : error LNK2019: símbolo externo "__declspec(dllimport) public: __cdecl sf::Sprite::Sprite(class sf::Sprite &&)" (__imp_??0Sprite@sf@@QEAA@$$QEAV01@@Z) sin resolver al que se hace referencia en la función "public: static void __cdecl std::_Default_allocator_traits<class std::allocator<class sf::Sprite> >::construct<class sf::Sprite,class sf::Sprite>(class std::allocator<class sf::Sprite> &,class sf::Sprite * const,class sf::Sprite &&)" (??$construct@VSprite@sf@@V12@@?$_Default_allocator_traits@V?$allocator@VSprite@sf@@@std@@@std@@SAXAEAV?$allocator@VSprite@sf@@@1@QEAVSprite@sf@@$$QEAV34@@Z)
actividad3.obj : error LNK2001: símbolo externo "private: virtual void __cdecl sf::Sprite::draw(class sf::RenderTarget &,class sf::RenderStates)const " (?draw@Sprite@sf@@EEBAXAEAVRenderTarget@2@VRenderStates@2@@Z) sin resolver
actividad3.obj : error LNK2019: símbolo externo "__declspec(dllimport) public: static class sf::RenderStates const sf::RenderStates::Default" (__imp_?Default@RenderStates@sf@@2V12@B) sin resolver al que se hace referencia en la función main
C:\SFML\SFML-2.5.1\lib\sfml-audio-d.lib : warning LNK4272: el tipo de máquina de biblioteca 'x86' está en conflicto con el tipo de máquina de destino 'x64'
C:\SFML\SFML-2.5.1\lib\sfml-graphics-d.lib : warning LNK4272: el tipo de máquina de biblioteca 'x86' está en conflicto con el tipo de máquina de destino 'x64'
C:\SFML\SFML-2.5.1\lib\sfml-main-d.lib : warning LNK4272: el tipo de máquina de biblioteca 'x86' está en conflicto con el tipo de máquina de destino 'x64'
C:\SFML\SFML-2.5.1\lib\sfml-system-d.lib : warning LNK4272: el tipo de máquina de biblioteca 'x86' está en conflicto con el tipo de máquina de destino 'x64'
C:\SFML\SFML-2.5.1\lib\sfml-window-d.lib : warning LNK4272: el tipo de máquina de biblioteca 'x86' está en conflicto con el tipo de máquina de destino 'x64'
C:\SFML\actividades mavi unidad 4\actividad 3 UNIDAD 4\x64\Debug\actividad 3 UNIDAD 4.exe : fatal error LNK1120: 25 externos sin resolver
